{"C:\\Users\\victo\\Downloads\\BobCode\\agent\\agent.js": {"path":"C:\\Users\\victo\\Downloads\\BobCode\\agent\\agent.js","statementMap":{"0":{"start":{"line":1,"column":23},"end":{"line":1,"column":43}},"1":{"start":{"line":2,"column":20},"end":{"line":2,"column":41}},"2":{"start":{"line":5,"column":2},"end":{"line":5,"column":44}},"3":{"start":{"line":6,"column":15},"end":{"line":6,"column":42}},"4":{"start":{"line":7,"column":2},"end":{"line":7,"column":68}},"5":{"start":{"line":8,"column":17},"end":{"line":8,"column":36}},"6":{"start":{"line":9,"column":2},"end":{"line":9,"column":16}},"7":{"start":{"line":12,"column":0},"end":{"line":12,"column":30}}},"fnMap":{"0":{"name":"runAgent","decl":{"start":{"line":4,"column":15},"end":{"line":4,"column":23}},"loc":{"start":{"line":4,"column":35},"end":{"line":10,"column":1}},"line":4}},"branchMap":{},"s":{"0":1,"1":1,"2":28,"3":28,"4":26,"5":26,"6":25,"7":1},"f":{"0":28},"b":{},"_coverageSchema":"1a1c01bbd47fc00a2c39e90264f33305004495a9","hash":"f936d8598d2f07d96739e175d155f4b7955cbb37"}
,"C:\\Users\\victo\\Downloads\\BobCode\\agent\\executor.js": {"path":"C:\\Users\\victo\\Downloads\\BobCode\\agent\\executor.js","statementMap":{"0":{"start":{"line":1,"column":19},"end":{"line":1,"column":43}},"1":{"start":{"line":2,"column":30},"end":{"line":2,"column":55}},"2":{"start":{"line":3,"column":17},"end":{"line":3,"column":46}},"3":{"start":{"line":4,"column":18},"end":{"line":4,"column":48}},"4":{"start":{"line":5,"column":18},"end":{"line":5,"column":48}},"5":{"start":{"line":6,"column":19},"end":{"line":6,"column":50}},"6":{"start":{"line":8,"column":14},"end":{"line":13,"column":1}},"7":{"start":{"line":21,"column":15},"end":{"line":21,"column":31}},"8":{"start":{"line":22,"column":2},"end":{"line":22,"column":59}},"9":{"start":{"line":22,"column":13},"end":{"line":22,"column":59}},"10":{"start":{"line":25,"column":18},"end":{"line":25,"column":45}},"11":{"start":{"line":28,"column":19},"end":{"line":28,"column":42}},"12":{"start":{"line":29,"column":17},"end":{"line":29,"column":71}},"13":{"start":{"line":32,"column":17},"end":{"line":32,"column":37}},"14":{"start":{"line":34,"column":2},"end":{"line":34,"column":16}},"15":{"start":{"line":37,"column":0},"end":{"line":37,"column":29}}},"fnMap":{"0":{"name":"execute","decl":{"start":{"line":20,"column":15},"end":{"line":20,"column":22}},"loc":{"start":{"line":20,"column":29},"end":{"line":35,"column":1}},"line":20}},"branchMap":{"0":{"loc":{"start":{"line":22,"column":2},"end":{"line":22,"column":59}},"type":"if","locations":[{"start":{"line":22,"column":2},"end":{"line":22,"column":59}},{"start":{},"end":{}}],"line":22},"1":{"loc":{"start":{"line":28,"column":19},"end":{"line":28,"column":42}},"type":"binary-expr","locations":[{"start":{"line":28,"column":19},"end":{"line":28,"column":32}},{"start":{"line":28,"column":36},"end":{"line":28,"column":42}}],"line":28}},"s":{"0":1,"1":1,"2":1,"3":1,"4":1,"5":1,"6":1,"7":0,"8":0,"9":0,"10":0,"11":0,"12":0,"13":0,"14":0,"15":1},"f":{"0":0},"b":{"0":[0,0],"1":[0,0]},"_coverageSchema":"1a1c01bbd47fc00a2c39e90264f33305004495a9","hash":"849574532a239e189df38f4a8f37e688175478d4"}
,"C:\\Users\\victo\\Downloads\\BobCode\\agent\\planner.js": {"path":"C:\\Users\\victo\\Downloads\\BobCode\\agent\\planner.js","statementMap":{"0":{"start":{"line":1,"column":19},"end":{"line":1,"column":43}},"1":{"start":{"line":2,"column":27},"end":{"line":2,"column":52}},"2":{"start":{"line":10,"column":16},"end":{"line":10,"column":39}},"3":{"start":{"line":13,"column":23},"end":{"line":13,"column":116}},"4":{"start":{"line":14,"column":2},"end":{"line":16,"column":3}},"5":{"start":{"line":14,"column":35},"end":{"line":14,"column":58}},"6":{"start":{"line":15,"column":4},"end":{"line":15,"column":18}},"7":{"start":{"line":19,"column":22},"end":{"line":19,"column":100}},"8":{"start":{"line":20,"column":2},"end":{"line":22,"column":3}},"9":{"start":{"line":20,"column":34},"end":{"line":20,"column":57}},"10":{"start":{"line":21,"column":4},"end":{"line":21,"column":27}},"11":{"start":{"line":25,"column":25},"end":{"line":25,"column":87}},"12":{"start":{"line":26,"column":2},"end":{"line":28,"column":3}},"13":{"start":{"line":26,"column":37},"end":{"line":26,"column":60}},"14":{"start":{"line":27,"column":4},"end":{"line":27,"column":20}},"15":{"start":{"line":31,"column":22},"end":{"line":31,"column":84}},"16":{"start":{"line":32,"column":2},"end":{"line":34,"column":3}},"17":{"start":{"line":32,"column":34},"end":{"line":32,"column":57}},"18":{"start":{"line":33,"column":4},"end":{"line":33,"column":17}},"19":{"start":{"line":37,"column":2},"end":{"line":37,"column":16}},"20":{"start":{"line":46,"column":16},"end":{"line":46,"column":39}},"21":{"start":{"line":49,"column":20},"end":{"line":49,"column":86}},"22":{"start":{"line":50,"column":19},"end":{"line":50,"column":50}},"23":{"start":{"line":53,"column":26},"end":{"line":53,"column":85}},"24":{"start":{"line":54,"column":2},"end":{"line":60,"column":3}},"25":{"start":{"line":54,"column":38},"end":{"line":54,"column":61}},"26":{"start":{"line":57,"column":21},"end":{"line":57,"column":72}},"27":{"start":{"line":58,"column":20},"end":{"line":58,"column":55}},"28":{"start":{"line":59,"column":4},"end":{"line":59,"column":52}},"29":{"start":{"line":63,"column":23},"end":{"line":63,"column":89}},"30":{"start":{"line":64,"column":2},"end":{"line":67,"column":3}},"31":{"start":{"line":64,"column":35},"end":{"line":64,"column":58}},"32":{"start":{"line":66,"column":4},"end":{"line":66,"column":47}},"33":{"start":{"line":70,"column":23},"end":{"line":70,"column":83}},"34":{"start":{"line":71,"column":2},"end":{"line":73,"column":3}},"35":{"start":{"line":71,"column":47},"end":{"line":71,"column":70}},"36":{"start":{"line":72,"column":4},"end":{"line":72,"column":51}},"37":{"start":{"line":76,"column":24},"end":{"line":76,"column":95}},"38":{"start":{"line":77,"column":2},"end":{"line":84,"column":3}},"39":{"start":{"line":77,"column":36},"end":{"line":77,"column":59}},"40":{"start":{"line":79,"column":4},"end":{"line":81,"column":5}},"41":{"start":{"line":80,"column":6},"end":{"line":80,"column":53}},"42":{"start":{"line":83,"column":4},"end":{"line":83,"column":47}},"43":{"start":{"line":87,"column":2},"end":{"line":87,"column":45}},"44":{"start":{"line":97,"column":19},"end":{"line":97,"column":44}},"45":{"start":{"line":98,"column":25},"end":{"line":98,"column":46}},"46":{"start":{"line":101,"column":19},"end":{"line":101,"column":58}},"47":{"start":{"line":103,"column":2},"end":{"line":137,"column":3}},"48":{"start":{"line":105,"column":18},"end":{"line":105,"column":61}},"49":{"start":{"line":106,"column":19},"end":{"line":106,"column":36}},"50":{"start":{"line":109,"column":23},"end":{"line":109,"column":79}},"51":{"start":{"line":110,"column":27},"end":{"line":110,"column":77}},"52":{"start":{"line":112,"column":4},"end":{"line":119,"column":5}},"53":{"start":{"line":113,"column":6},"end":{"line":113,"column":82}},"54":{"start":{"line":114,"column":6},"end":{"line":118,"column":8}},"55":{"start":{"line":122,"column":4},"end":{"line":127,"column":6}},"56":{"start":{"line":131,"column":4},"end":{"line":131,"column":78}},"57":{"start":{"line":132,"column":4},"end":{"line":136,"column":6}},"58":{"start":{"line":140,"column":0},"end":{"line":140,"column":32}}},"fnMap":{"0":{"name":"detectTaskType","decl":{"start":{"line":9,"column":9},"end":{"line":9,"column":23}},"loc":{"start":{"line":9,"column":35},"end":{"line":38,"column":1}},"line":9},"1":{"name":"(anonymous_1)","decl":{"start":{"line":14,"column":24},"end":{"line":14,"column":25}},"loc":{"start":{"line":14,"column":35},"end":{"line":14,"column":58}},"line":14},"2":{"name":"(anonymous_2)","decl":{"start":{"line":20,"column":23},"end":{"line":20,"column":24}},"loc":{"start":{"line":20,"column":34},"end":{"line":20,"column":57}},"line":20},"3":{"name":"(anonymous_3)","decl":{"start":{"line":26,"column":26},"end":{"line":26,"column":27}},"loc":{"start":{"line":26,"column":37},"end":{"line":26,"column":60}},"line":26},"4":{"name":"(anonymous_4)","decl":{"start":{"line":32,"column":23},"end":{"line":32,"column":24}},"loc":{"start":{"line":32,"column":34},"end":{"line":32,"column":57}},"line":32},"5":{"name":"detectTool","decl":{"start":{"line":45,"column":9},"end":{"line":45,"column":19}},"loc":{"start":{"line":45,"column":31},"end":{"line":88,"column":1}},"line":45},"6":{"name":"(anonymous_6)","decl":{"start":{"line":54,"column":27},"end":{"line":54,"column":28}},"loc":{"start":{"line":54,"column":38},"end":{"line":54,"column":61}},"line":54},"7":{"name":"(anonymous_7)","decl":{"start":{"line":64,"column":24},"end":{"line":64,"column":25}},"loc":{"start":{"line":64,"column":35},"end":{"line":64,"column":58}},"line":64},"8":{"name":"(anonymous_8)","decl":{"start":{"line":71,"column":36},"end":{"line":71,"column":37}},"loc":{"start":{"line":71,"column":47},"end":{"line":71,"column":70}},"line":71},"9":{"name":"(anonymous_9)","decl":{"start":{"line":77,"column":25},"end":{"line":77,"column":26}},"loc":{"start":{"line":77,"column":36},"end":{"line":77,"column":59}},"line":77},"10":{"name":"planAction","decl":{"start":{"line":95,"column":15},"end":{"line":95,"column":25}},"loc":{"start":{"line":95,"column":37},"end":{"line":138,"column":1}},"line":95}},"branchMap":{"0":{"loc":{"start":{"line":14,"column":2},"end":{"line":16,"column":3}},"type":"if","locations":[{"start":{"line":14,"column":2},"end":{"line":16,"column":3}},{"start":{},"end":{}}],"line":14},"1":{"loc":{"start":{"line":20,"column":2},"end":{"line":22,"column":3}},"type":"if","locations":[{"start":{"line":20,"column":2},"end":{"line":22,"column":3}},{"start":{},"end":{}}],"line":20},"2":{"loc":{"start":{"line":26,"column":2},"end":{"line":28,"column":3}},"type":"if","locations":[{"start":{"line":26,"column":2},"end":{"line":28,"column":3}},{"start":{},"end":{}}],"line":26},"3":{"loc":{"start":{"line":32,"column":2},"end":{"line":34,"column":3}},"type":"if","locations":[{"start":{"line":32,"column":2},"end":{"line":34,"column":3}},{"start":{},"end":{}}],"line":32},"4":{"loc":{"start":{"line":50,"column":19},"end":{"line":50,"column":50}},"type":"cond-expr","locations":[{"start":{"line":50,"column":31},"end":{"line":50,"column":43}},{"start":{"line":50,"column":46},"end":{"line":50,"column":50}}],"line":50},"5":{"loc":{"start":{"line":54,"column":2},"end":{"line":60,"column":3}},"type":"if","locations":[{"start":{"line":54,"column":2},"end":{"line":60,"column":3}},{"start":{},"end":{}}],"line":54},"6":{"loc":{"start":{"line":54,"column":6},"end":{"line":55,"column":84}},"type":"binary-expr","locations":[{"start":{"line":54,"column":6},"end":{"line":54,"column":62}},{"start":{"line":55,"column":7},"end":{"line":55,"column":28}},{"start":{"line":55,"column":32},"end":{"line":55,"column":54}},{"start":{"line":55,"column":58},"end":{"line":55,"column":83}}],"line":54},"7":{"loc":{"start":{"line":58,"column":20},"end":{"line":58,"column":55}},"type":"cond-expr","locations":[{"start":{"line":58,"column":31},"end":{"line":58,"column":42}},{"start":{"line":58,"column":45},"end":{"line":58,"column":55}}],"line":58},"8":{"loc":{"start":{"line":64,"column":2},"end":{"line":67,"column":3}},"type":"if","locations":[{"start":{"line":64,"column":2},"end":{"line":67,"column":3}},{"start":{},"end":{}}],"line":64},"9":{"loc":{"start":{"line":64,"column":6},"end":{"line":65,"column":93}},"type":"binary-expr","locations":[{"start":{"line":64,"column":6},"end":{"line":64,"column":59}},{"start":{"line":65,"column":7},"end":{"line":65,"column":30}},{"start":{"line":65,"column":34},"end":{"line":65,"column":61}},{"start":{"line":65,"column":65},"end":{"line":65,"column":92}}],"line":64},"10":{"loc":{"start":{"line":71,"column":2},"end":{"line":73,"column":3}},"type":"if","locations":[{"start":{"line":71,"column":2},"end":{"line":73,"column":3}},{"start":{},"end":{}}],"line":71},"11":{"loc":{"start":{"line":71,"column":6},"end":{"line":71,"column":71}},"type":"binary-expr","locations":[{"start":{"line":71,"column":6},"end":{"line":71,"column":14}},{"start":{"line":71,"column":18},"end":{"line":71,"column":71}}],"line":71},"12":{"loc":{"start":{"line":77,"column":2},"end":{"line":84,"column":3}},"type":"if","locations":[{"start":{"line":77,"column":2},"end":{"line":84,"column":3}},{"start":{},"end":{}}],"line":77},"13":{"loc":{"start":{"line":79,"column":4},"end":{"line":81,"column":5}},"type":"if","locations":[{"start":{"line":79,"column":4},"end":{"line":81,"column":5}},{"start":{},"end":{}}],"line":79},"14":{"loc":{"start":{"line":112,"column":4},"end":{"line":119,"column":5}},"type":"if","locations":[{"start":{"line":112,"column":4},"end":{"line":119,"column":5}},{"start":{},"end":{}}],"line":112},"15":{"loc":{"start":{"line":124,"column":14},"end":{"line":124,"column":52}},"type":"binary-expr","locations":[{"start":{"line":124,"column":14},"end":{"line":124,"column":27}},{"start":{"line":124,"column":31},"end":{"line":124,"column":52}}],"line":124},"16":{"loc":{"start":{"line":125,"column":19},"end":{"line":125,"column":50}},"type":"binary-expr","locations":[{"start":{"line":125,"column":19},"end":{"line":125,"column":37}},{"start":{"line":125,"column":41},"end":{"line":125,"column":50}}],"line":125},"17":{"loc":{"start":{"line":126,"column":16},"end":{"line":126,"column":85}},"type":"cond-expr","locations":[{"start":{"line":126,"column":59},"end":{"line":126,"column":74}},{"start":{"line":126,"column":77},"end":{"line":126,"column":85}}],"line":126}},"s":{"0":1,"1":1,"2":0,"3":0,"4":0,"5":0,"6":0,"7":0,"8":0,"9":0,"10":0,"11":0,"12":0,"13":0,"14":0,"15":0,"16":0,"17":0,"18":0,"19":0,"20":0,"21":0,"22":0,"23":0,"24":0,"25":0,"26":0,"27":0,"28":0,"29":0,"30":0,"31":0,"32":0,"33":0,"34":0,"35":0,"36":0,"37":0,"38":0,"39":0,"40":0,"41":0,"42":0,"43":0,"44":0,"45":0,"46":0,"47":0,"48":0,"49":0,"50":0,"51":0,"52":0,"53":0,"54":0,"55":0,"56":0,"57":0,"58":1},"f":{"0":0,"1":0,"2":0,"3":0,"4":0,"5":0,"6":0,"7":0,"8":0,"9":0,"10":0},"b":{"0":[0,0],"1":[0,0],"2":[0,0],"3":[0,0],"4":[0,0],"5":[0,0],"6":[0,0,0,0],"7":[0,0],"8":[0,0],"9":[0,0,0,0],"10":[0,0],"11":[0,0],"12":[0,0],"13":[0,0],"14":[0,0],"15":[0,0],"16":[0,0],"17":[0,0]},"_coverageSchema":"1a1c01bbd47fc00a2c39e90264f33305004495a9","hash":"c0e6ed8d7b6a17c849129d438fe67bf3498926aa"}
}
